GET -- /api/blog/list -- PostmanRuntime/7.26.8 -- 1607655645571
GET -- /api/blog/list -- PostmanRuntime/7.26.8 -- 1607655645763
GET -- /api/blog/list -- PostmanRuntime/7.26.8 -- 1607666513744
GET -- /api/blog/list -- PostmanRuntime/7.26.8 -- 1607666539190
GET -- /api/blog/list -- PostmanRuntime/7.26.8 -- 1607666583209
GET -- /api/blog/list -- PostmanRuntime/7.26.8 -- 1607666612449
GET -- /api/blog/list?author=UOrb&title=110 -- PostmanRuntime/7.26.8 -- 1607666635682
GET -- /api/blog/list?author=UOrb&keyword=110 -- PostmanRuntime/7.26.8 -- 1607666653195
POST -- /api/blog/new -- PostmanRuntime/7.26.8 -- 1607667168093
POST -- /api/blog/new -- PostmanRuntime/7.26.8 -- 1607667237639
POST -- /api/blog/new -- PostmanRuntime/7.26.8 -- 1607667346166
POST -- /api/blog/new -- PostmanRuntime/7.26.8 -- 1607667540203
POST -- /api/blog/new -- PostmanRuntime/7.26.8 -- 1607667572559
POST -- /api/blog/new -- PostmanRuntime/7.26.8 -- 1607667627859
POST -- /api/blog/new -- PostmanRuntime/7.26.8 -- 1607667664709
POST -- /api/user/login -- PostmanRuntime/7.26.8 -- 1607667675546
POST -- /api/blog/delete?id=4 -- PostmanRuntime/7.26.8 -- 1607667682115
GET -- /api/blog/list -- PostmanRuntime/7.26.8 -- 1607667697766
POST -- /api/blog/new -- PostmanRuntime/7.26.8 -- 1607667706107
POST -- /api/blog/new -- PostmanRuntime/7.26.8 -- 1607667854503
POST -- /api/blog/new -- PostmanRuntime/7.26.8 -- 1607667911587
GET -- /api/blog/list -- PostmanRuntime/7.26.8 -- 1607667923917
POST -- /api/user/login -- PostmanRuntime/7.26.8 -- 1607669754181
POST -- /api/user/login -- PostmanRuntime/7.26.8 -- 1607669761481
